<?xml version="1.0" encoding="UTF-8"?>
<!-- Generated by org.testng.reporters.JUnitReportReporter -->
<testsuite hostname="DESKTOP-QUK0TPO" failures="0" tests="1" name="PlayList.ChecksongTest" time="8.520" errors="0" timestamp="2023-03-04T14:35:29 IST" skipped="0">
  <testcase classname="PlayList.ChecksongTest" name="song" time="8.520"/>
  <system-out/>
</testsuite> <!-- PlayList.ChecksongTest -->
